<?xml version="1.0" encoding="UTF-8"?>
<testsuite name="BabysitterTest" tests="1" skipped="0" failures="0" errors="0" timestamp="2020-10-14T17:48:00" hostname="Saras-MBP" time="0.001">
  <properties/>
  <testcase name="initializeBabysitterClass" classname="BabysitterTest" time="0.001"/>
  <system-out><![CDATA[]]></system-out>
  <system-err><![CDATA[]]></system-err>
</testsuite>
